Mock Version: 1.2.17
ENTER ['do'](['bash', '--login', '-c', '/usr/bin/rpmbuild -bs --target x86_64 --nodeps /builddir/build/SPECS/solr.spec'], chrootPath='/var/lib/mock/fpfis-6-x86_64/root'shell=FalseprintOutput=Falseenv={'LANG': 'en_US.UTF-8', 'TERM': 'vt100', 'SHELL': '/bin/bash', 'PROMPT_COMMAND': 'printf "\x1b]0;<mock-chroot>\x07<mock-chroot>"', 'PATH': '/usr/bin:/bin:/usr/sbin:/sbin', 'HOME': '/builddir', 'HOSTNAME': 'mock'}gid=135user='mockbuild'timeout=0logger=<mockbuild.trace_decorator.getLog object at 0x188af10>uid=0)
Executing command: ['bash', '--login', '-c', '/usr/bin/rpmbuild -bs --target x86_64 --nodeps /builddir/build/SPECS/solr.spec'] with env {'LANG': 'en_US.UTF-8', 'TERM': 'vt100', 'SHELL': '/bin/bash', 'PROMPT_COMMAND': 'printf "\x1b]0;<mock-chroot>\x07<mock-chroot>"', 'PATH': '/usr/bin:/bin:/usr/sbin:/sbin', 'HOME': '/builddir', 'HOSTNAME': 'mock'} and shell False
DEBUG: Unsharing. Flags: 134217728
error: File /builddir/build/SOURCES/solr-5.2.1.tgz: No such file or directory
Building target platforms: x86_64
Building for target x86_64
Child return code was: 1
EXCEPTION: [Error()]
Traceback (most recent call last):
  File "/usr/lib/python2.7/site-packages/mockbuild/trace_decorator.py", line 88, in trace
    result = func(*args, **kw)
  File "/usr/lib/python2.7/site-packages/mockbuild/util.py", line 547, in do
    raise exception.Error("Command failed. See logs for output.\n # %s" % (command,), child.returncode)
Error: Command failed. See logs for output.
 # bash --login -c /usr/bin/rpmbuild -bs --target x86_64 --nodeps /builddir/build/SPECS/solr.spec
Mock Version: 1.2.17
ENTER ['do'](['bash', '--login', '-c', '/usr/bin/rpmbuild -bs --target x86_64 --nodeps /builddir/build/SPECS/solr.spec'], chrootPath='/var/lib/mock/fpfis-6-x86_64/root'shell=FalseprintOutput=Falseenv={'LANG': 'en_US.UTF-8', 'TERM': 'vt100', 'SHELL': '/bin/bash', 'PROMPT_COMMAND': 'printf "\x1b]0;<mock-chroot>\x07<mock-chroot>"', 'PATH': '/usr/bin:/bin:/usr/sbin:/sbin', 'HOME': '/builddir', 'HOSTNAME': 'mock'}gid=135user='mockbuild'timeout=0logger=<mockbuild.trace_decorator.getLog object at 0xbebf10>uid=0)
Executing command: ['bash', '--login', '-c', '/usr/bin/rpmbuild -bs --target x86_64 --nodeps /builddir/build/SPECS/solr.spec'] with env {'LANG': 'en_US.UTF-8', 'TERM': 'vt100', 'SHELL': '/bin/bash', 'PROMPT_COMMAND': 'printf "\x1b]0;<mock-chroot>\x07<mock-chroot>"', 'PATH': '/usr/bin:/bin:/usr/sbin:/sbin', 'HOME': '/builddir', 'HOSTNAME': 'mock'} and shell False
DEBUG: Unsharing. Flags: 134217728
error: File /builddir/build/SOURCES/solr-5.2.1.tgz: No such file or directory
Building target platforms: x86_64
Building for target x86_64
Child return code was: 1
EXCEPTION: [Error()]
Traceback (most recent call last):
  File "/usr/lib/python2.7/site-packages/mockbuild/trace_decorator.py", line 88, in trace
    result = func(*args, **kw)
  File "/usr/lib/python2.7/site-packages/mockbuild/util.py", line 547, in do
    raise exception.Error("Command failed. See logs for output.\n # %s" % (command,), child.returncode)
Error: Command failed. See logs for output.
 # bash --login -c /usr/bin/rpmbuild -bs --target x86_64 --nodeps /builddir/build/SPECS/solr.spec
Mock Version: 1.2.17
ENTER ['do'](['bash', '--login', '-c', '/usr/bin/rpmbuild -bs --target x86_64 --nodeps /builddir/build/SPECS/solr.spec'], chrootPath='/var/lib/mock/fpfis-6-x86_64/root'shell=FalseprintOutput=Falseenv={'LANG': 'en_US.UTF-8', 'TERM': 'vt100', 'SHELL': '/bin/bash', 'PROMPT_COMMAND': 'printf "\x1b]0;<mock-chroot>\x07<mock-chroot>"', 'PATH': '/usr/bin:/bin:/usr/sbin:/sbin', 'HOME': '/builddir', 'HOSTNAME': 'mock'}gid=135user='mockbuild'timeout=0logger=<mockbuild.trace_decorator.getLog object at 0x296bf10>uid=0)
Executing command: ['bash', '--login', '-c', '/usr/bin/rpmbuild -bs --target x86_64 --nodeps /builddir/build/SPECS/solr.spec'] with env {'LANG': 'en_US.UTF-8', 'TERM': 'vt100', 'SHELL': '/bin/bash', 'PROMPT_COMMAND': 'printf "\x1b]0;<mock-chroot>\x07<mock-chroot>"', 'PATH': '/usr/bin:/bin:/usr/sbin:/sbin', 'HOME': '/builddir', 'HOSTNAME': 'mock'} and shell False
DEBUG: Unsharing. Flags: 134217728
Building target platforms: x86_64
Building for target x86_64
Wrote: /builddir/build/SRPMS/apache-solr-5.2.1-EC.src.rpm
Child return code was: 0
